<?xml version="1.0" encoding="UTF-8"?>
<!-- Generated by org.testng.reporters.JUnitReportReporter -->
<testsuite hostname="DESKTOP-5S708S4" failures="0" tests="1" name="com.RegistrationPage" time="11.600" errors="0" timestamp="2022-09-28T19:21:35 IST" skipped="0">
  <testcase classname="com.RegistrationPage" name="registrationPageTest" time="11.600"/>
  <system-out/>
</testsuite> <!-- com.RegistrationPage -->
