<?xml version="1.0" encoding="UTF-8"?>
<!-- Generated by org.testng.reporters.JUnitReportReporter -->
<testsuite hostname="DESKTOP-5S708S4" failures="0" tests="1" name="com.LoginPage" time="10.310" errors="0" timestamp="2022-09-28T19:12:05 IST" skipped="0">
  <testcase classname="com.LoginPage" name="loginPageTest" time="10.310"/>
  <system-out/>
</testsuite> <!-- com.LoginPage -->
